2019-08-31 00:54:59.547 DEBUG 9932 --- [main] o.s.w.c.s.StandardServletEnvironment     : Adding PropertySource 'configurationProperties' with highest search precedence
2019-08-31 00:54:59.731 DEBUG 9932 --- [main] o.s.w.c.s.StandardServletEnvironment     : Adding PropertySource 'servletConfigInitParams' with lowest search precedence
2019-08-31 00:54:59.731 DEBUG 9932 --- [main] o.s.w.c.s.StandardServletEnvironment     : Adding PropertySource 'servletContextInitParams' with lowest search precedence
2019-08-31 00:54:59.731 DEBUG 9932 --- [main] o.s.w.c.s.StandardServletEnvironment     : Adding PropertySource 'systemProperties' with lowest search precedence
2019-08-31 00:54:59.732 DEBUG 9932 --- [main] o.s.w.c.s.StandardServletEnvironment     : Adding PropertySource 'systemEnvironment' with lowest search precedence
2019-08-31 00:54:59.732 DEBUG 9932 --- [main] o.s.w.c.s.StandardServletEnvironment     : Initialized StandardServletEnvironment with PropertySources [StubPropertySource {name='servletConfigInitParams'}, StubPropertySource {name='servletContextInitParams'}, MapPropertySource {name='systemProperties'}, SystemEnvironmentPropertySource {name='systemEnvironment'}]
2019-08-31 00:54:59.793  INFO 9932 --- [main] tws.Application                          : Starting Application on PNULL1-161010GB with PID 9932 (D:\TW\java_persistence_practice_flyway-2019-8-30-1-2-29-399\build\classes\java\main started by Administrator in D:\TW\java_persistence_practice_flyway-2019-8-30-1-2-29-399)
2019-08-31 00:54:59.794  INFO 9932 --- [main] tws.Application                          : No active profile set, falling back to default profiles: default
2019-08-31 00:54:59.905  INFO 9932 --- [main] ConfigServletWebServerApplicationContext : Refreshing org.springframework.boot.web.servlet.context.AnnotationConfigServletWebServerApplicationContext@158d2680: startup date [Sat Aug 31 00:54:59 CST 2019]; root of context hierarchy
2019-08-31 00:55:01.459  WARN 9932 --- [main] o.m.s.mapper.ClassPathMapperScanner      : No MyBatis mapper was found in '[tws]' package. Please check your configuration.
2019-08-31 00:55:01.812 DEBUG 9932 --- [main] o.s.w.c.s.StandardServletEnvironment     : Removing PropertySource 'defaultProperties'
2019-08-31 00:55:04.853  INFO 9932 --- [main] o.s.b.w.embedded.tomcat.TomcatWebServer  : Tomcat initialized with port(s): 8080 (http)
2019-08-31 00:55:07.254  INFO 9932 --- [main] o.apache.catalina.core.StandardService   : Starting service [Tomcat]
2019-08-31 00:55:07.258  INFO 9932 --- [main] org.apache.catalina.core.StandardEngine  : Starting Servlet Engine: Apache Tomcat/8.5.31
2019-08-31 00:55:08.935  INFO 9932 --- [localhost-startStop-1] o.a.catalina.core.AprLifecycleListener   : The APR based Apache Tomcat Native library which allows optimal performance in production environments was not found on the java.library.path: [C:\Program Files\Java\jdk1.8.0_101\bin;C:\windows\Sun\Java\bin;C:\windows\system32;C:\windows;C:\Users\Administrator\bin;F:\Git\mingw64\bin;F:\Git\usr\local\bin;F:\Git\usr\bin;F:\Git\usr\bin;F:\Git\mingw64\bin;F:\Git\usr\bin;C:\Users\Administrator\bin;C:\ProgramData\Oracle\Java\javapath;C:\windows\system32;C:\windows;C:\windows\System32\Wbem;C:\windows\System32\WindowsPowerShell\v1.0;C:\Program Files\Java\jdk1.8.0_101\bin;C:\Program Files (x86)\MySQL\MySQL Server 5.0\bin;E:\common;F:\Git\cmd;E:\;C:\Users\Administrator\Desktop\python\Scripts;C:\Users\Administrator\Desktop\python;D:\PyCharm\PyCharm Community Edition 2018.3\bin;F:\Microsoft VS Code Insiders\bin;C:\Users\Administrator\AppData\Roaming\npm;F:\Git\usr\bin\vendor_perl;F:\Git\usr\bin\core_perl;.]
2019-08-31 00:55:09.639  INFO 9932 --- [localhost-startStop-1] o.a.c.c.C.[Tomcat].[localhost].[/]       : Initializing Spring embedded WebApplicationContext
2019-08-31 00:55:09.639 DEBUG 9932 --- [localhost-startStop-1] o.s.web.context.ContextLoader            : Published root WebApplicationContext as ServletContext attribute with name [org.springframework.web.context.WebApplicationContext.ROOT]
2019-08-31 00:55:09.640  INFO 9932 --- [localhost-startStop-1] o.s.web.context.ContextLoader            : Root WebApplicationContext: initialization completed in 9735 ms
2019-08-31 00:55:09.902  INFO 9932 --- [localhost-startStop-1] o.s.b.w.servlet.ServletRegistrationBean  : Servlet dispatcherServlet mapped to [/]
2019-08-31 00:55:09.905  INFO 9932 --- [localhost-startStop-1] o.s.b.w.servlet.ServletRegistrationBean  : Servlet webServlet mapped to [/h2-console/*]
2019-08-31 00:55:09.911  INFO 9932 --- [localhost-startStop-1] o.s.b.w.servlet.FilterRegistrationBean   : Mapping filter: 'characterEncodingFilter' to: [/*]
2019-08-31 00:55:09.911  INFO 9932 --- [localhost-startStop-1] o.s.b.w.servlet.FilterRegistrationBean   : Mapping filter: 'hiddenHttpMethodFilter' to: [/*]
2019-08-31 00:55:09.912  INFO 9932 --- [localhost-startStop-1] o.s.b.w.servlet.FilterRegistrationBean   : Mapping filter: 'httpPutFormContentFilter' to: [/*]
2019-08-31 00:55:09.913  INFO 9932 --- [localhost-startStop-1] o.s.b.w.servlet.FilterRegistrationBean   : Mapping filter: 'requestContextFilter' to: [/*]
2019-08-31 00:55:10.079 DEBUG 9932 --- [main] o.s.w.c.s.StandardServletEnvironment     : Replacing PropertySource 'servletContextInitParams' with 'servletContextInitParams'
2019-08-31 00:55:10.256  INFO 9932 --- [main] o.s.w.s.handler.SimpleUrlHandlerMapping  : Mapped URL path [/**/favicon.ico] onto handler of type [class org.springframework.web.servlet.resource.ResourceHttpRequestHandler]
2019-08-31 00:55:10.599  INFO 9932 --- [main] s.w.s.m.m.a.RequestMappingHandlerAdapter : Looking for @ControllerAdvice: org.springframework.boot.web.servlet.context.AnnotationConfigServletWebServerApplicationContext@158d2680: startup date [Sat Aug 31 00:54:59 CST 2019]; root of context hierarchy
2019-08-31 00:55:10.694 DEBUG 9932 --- [main] s.w.s.m.m.a.RequestMappingHandlerMapping : Looking for request mappings in application context: org.springframework.boot.web.servlet.context.AnnotationConfigServletWebServerApplicationContext@158d2680: startup date [Sat Aug 31 00:54:59 CST 2019]; root of context hierarchy
2019-08-31 00:55:10.820 DEBUG 9932 --- [main] s.w.s.m.m.a.RequestMappingHandlerMapping : 2 request handler methods found on class org.springframework.boot.autoconfigure.web.servlet.error.BasicErrorController: {public org.springframework.http.ResponseEntity org.springframework.boot.autoconfigure.web.servlet.error.BasicErrorController.error(javax.servlet.http.HttpServletRequest)={[/error]}, public org.springframework.web.servlet.ModelAndView org.springframework.boot.autoconfigure.web.servlet.error.BasicErrorController.errorHtml(javax.servlet.http.HttpServletRequest,javax.servlet.http.HttpServletResponse)={[/error],produces=[text/html]}}
2019-08-31 00:55:10.822  INFO 9932 --- [main] s.w.s.m.m.a.RequestMappingHandlerMapping : Mapped "{[/error]}" onto public org.springframework.http.ResponseEntity<java.util.Map<java.lang.String, java.lang.Object>> org.springframework.boot.autoconfigure.web.servlet.error.BasicErrorController.error(javax.servlet.http.HttpServletRequest)
2019-08-31 00:55:10.823  INFO 9932 --- [main] s.w.s.m.m.a.RequestMappingHandlerMapping : Mapped "{[/error],produces=[text/html]}" onto public org.springframework.web.servlet.ModelAndView org.springframework.boot.autoconfigure.web.servlet.error.BasicErrorController.errorHtml(javax.servlet.http.HttpServletRequest,javax.servlet.http.HttpServletResponse)
2019-08-31 00:55:10.853 DEBUG 9932 --- [main] o.s.w.s.h.BeanNameUrlHandlerMapping      : Looking for URL mappings in application context: org.springframework.boot.web.servlet.context.AnnotationConfigServletWebServerApplicationContext@158d2680: startup date [Sat Aug 31 00:54:59 CST 2019]; root of context hierarchy
2019-08-31 00:55:10.854 DEBUG 9932 --- [main] o.s.w.s.h.BeanNameUrlHandlerMapping      : Rejected bean name 'org.springframework.context.annotation.internalConfigurationAnnotationProcessor': no URL paths identified
2019-08-31 00:55:10.855 DEBUG 9932 --- [main] o.s.w.s.h.BeanNameUrlHandlerMapping      : Rejected bean name 'org.springframework.context.annotation.internalAutowiredAnnotationProcessor': no URL paths identified
2019-08-31 00:55:10.855 DEBUG 9932 --- [main] o.s.w.s.h.BeanNameUrlHandlerMapping      : Rejected bean name 'org.springframework.context.annotation.internalRequiredAnnotationProcessor': no URL paths identified
2019-08-31 00:55:10.855 DEBUG 9932 --- [main] o.s.w.s.h.BeanNameUrlHandlerMapping      : Rejected bean name 'org.springframework.context.annotation.internalCommonAnnotationProcessor': no URL paths identified
2019-08-31 00:55:10.855 DEBUG 9932 --- [main] o.s.w.s.h.BeanNameUrlHandlerMapping      : Rejected bean name 'org.springframework.context.event.internalEventListenerProcessor': no URL paths identified
2019-08-31 00:55:10.856 DEBUG 9932 --- [main] o.s.w.s.h.BeanNameUrlHandlerMapping      : Rejected bean name 'org.springframework.context.event.internalEventListenerFactory': no URL paths identified
2019-08-31 00:55:10.856 DEBUG 9932 --- [main] o.s.w.s.h.BeanNameUrlHandlerMapping      : Rejected bean name 'application': no URL paths identified
2019-08-31 00:55:10.856 DEBUG 9932 --- [main] o.s.w.s.h.BeanNameUrlHandlerMapping      : Rejected bean name 'org.springframework.boot.autoconfigure.internalCachingMetadataReaderFactory': no URL paths identified
2019-08-31 00:55:10.856 DEBUG 9932 --- [main] o.s.w.s.h.BeanNameUrlHandlerMapping      : Rejected bean name 'org.springframework.boot.autoconfigure.AutoConfigurationPackages': no URL paths identified
2019-08-31 00:55:10.856 DEBUG 9932 --- [main] o.s.w.s.h.BeanNameUrlHandlerMapping      : Rejected bean name 'org.springframework.boot.autoconfigure.context.PropertyPlaceholderAutoConfiguration': no URL paths identified
2019-08-31 00:55:10.857 DEBUG 9932 --- [main] o.s.w.s.h.BeanNameUrlHandlerMapping      : Rejected bean name 'org.springframework.boot.autoconfigure.condition.BeanTypeRegistry': no URL paths identified
2019-08-31 00:55:10.857 DEBUG 9932 --- [main] o.s.w.s.h.BeanNameUrlHandlerMapping      : Rejected bean name 'propertySourcesPlaceholderConfigurer': no URL paths identified
2019-08-31 00:55:10.857 DEBUG 9932 --- [main] o.s.w.s.h.BeanNameUrlHandlerMapping      : Rejected bean name 'org.springframework.boot.autoconfigure.websocket.servlet.WebSocketServletAutoConfiguration$TomcatWebSocketConfiguration': no URL paths identified
2019-08-31 00:55:10.857 DEBUG 9932 --- [main] o.s.w.s.h.BeanNameUrlHandlerMapping      : Rejected bean name 'websocketContainerCustomizer': no URL paths identified
2019-08-31 00:55:10.857 DEBUG 9932 --- [main] o.s.w.s.h.BeanNameUrlHandlerMapping      : Rejected bean name 'org.springframework.boot.autoconfigure.websocket.servlet.WebSocketServletAutoConfiguration': no URL paths identified
2019-08-31 00:55:10.857 DEBUG 9932 --- [main] o.s.w.s.h.BeanNameUrlHandlerMapping      : Rejected bean name 'org.springframework.boot.autoconfigure.web.servlet.ServletWebServerFactoryConfiguration$EmbeddedTomcat': no URL paths identified
2019-08-31 00:55:10.857 DEBUG 9932 --- [main] o.s.w.s.h.BeanNameUrlHandlerMapping      : Rejected bean name 'tomcatServletWebServerFactory': no URL paths identified
2019-08-31 00:55:10.858 DEBUG 9932 --- [main] o.s.w.s.h.BeanNameUrlHandlerMapping      : Rejected bean name 'org.springframework.boot.autoconfigure.web.servlet.ServletWebServerFactoryAutoConfiguration': no URL paths identified
2019-08-31 00:55:10.858 DEBUG 9932 --- [main] o.s.w.s.h.BeanNameUrlHandlerMapping      : Rejected bean name 'servletWebServerFactoryCustomizer': no URL paths identified
2019-08-31 00:55:10.858 DEBUG 9932 --- [main] o.s.w.s.h.BeanNameUrlHandlerMapping      : Rejected bean name 'tomcatServletWebServerFactoryCustomizer': no URL paths identified
2019-08-31 00:55:10.858 DEBUG 9932 --- [main] o.s.w.s.h.BeanNameUrlHandlerMapping      : Rejected bean name 'server-org.springframework.boot.autoconfigure.web.ServerProperties': no URL paths identified
2019-08-31 00:55:10.859 DEBUG 9932 --- [main] o.s.w.s.h.BeanNameUrlHandlerMapping      : Rejected bean name 'org.springframework.boot.context.properties.ConfigurationPropertiesBindingPostProcessor': no URL paths identified
2019-08-31 00:55:10.859 DEBUG 9932 --- [main] o.s.w.s.h.BeanNameUrlHandlerMapping      : Rejected bean name 'org.springframework.boot.context.properties.ConfigurationBeanFactoryMetadata': no URL paths identified
2019-08-31 00:55:10.859 DEBUG 9932 --- [main] o.s.w.s.h.BeanNameUrlHandlerMapping      : Rejected bean name 'webServerFactoryCustomizerBeanPostProcessor': no URL paths identified
2019-08-31 00:55:10.860 DEBUG 9932 --- [main] o.s.w.s.h.BeanNameUrlHandlerMapping      : Rejected bean name 'errorPageRegistrarBeanPostProcessor': no URL paths identified
2019-08-31 00:55:10.860 DEBUG 9932 --- [main] o.s.w.s.h.BeanNameUrlHandlerMapping      : Rejected bean name 'org.springframework.boot.autoconfigure.web.servlet.DispatcherServletAutoConfiguration$DispatcherServletConfiguration': no URL paths identified
2019-08-31 00:55:10.860 DEBUG 9932 --- [main] o.s.w.s.h.BeanNameUrlHandlerMapping      : Rejected bean name 'dispatcherServlet': no URL paths identified
2019-08-31 00:55:10.860 DEBUG 9932 --- [main] o.s.w.s.h.BeanNameUrlHandlerMapping      : Rejected bean name 'mainDispatcherServletPathProvider': no URL paths identified
2019-08-31 00:55:10.860 DEBUG 9932 --- [main] o.s.w.s.h.BeanNameUrlHandlerMapping      : Rejected bean name 'spring.mvc-org.springframework.boot.autoconfigure.web.servlet.WebMvcProperties': no URL paths identified
2019-08-31 00:55:10.860 DEBUG 9932 --- [main] o.s.w.s.h.BeanNameUrlHandlerMapping      : Rejected bean name 'org.springframework.boot.autoconfigure.web.servlet.DispatcherServletAutoConfiguration$DispatcherServletRegistrationConfiguration': no URL paths identified
2019-08-31 00:55:10.861 DEBUG 9932 --- [main] o.s.w.s.h.BeanNameUrlHandlerMapping      : Rejected bean name 'dispatcherServletRegistration': no URL paths identified
2019-08-31 00:55:10.861 DEBUG 9932 --- [main] o.s.w.s.h.BeanNameUrlHandlerMapping      : Rejected bean name 'org.springframework.boot.autoconfigure.web.servlet.DispatcherServletAutoConfiguration': no URL paths identified
2019-08-31 00:55:10.861 DEBUG 9932 --- [main] o.s.w.s.h.BeanNameUrlHandlerMapping      : Rejected bean name 'org.springframework.boot.autoconfigure.validation.ValidationAutoConfiguration': no URL paths identified
2019-08-31 00:55:10.861 DEBUG 9932 --- [main] o.s.w.s.h.BeanNameUrlHandlerMapping      : Rejected bean name 'defaultValidator': no URL paths identified
2019-08-31 00:55:10.861 DEBUG 9932 --- [main] o.s.w.s.h.BeanNameUrlHandlerMapping      : Rejected bean name 'methodValidationPostProcessor': no URL paths identified
2019-08-31 00:55:10.862 DEBUG 9932 --- [main] o.s.w.s.h.BeanNameUrlHandlerMapping      : Rejected bean name 'org.springframework.boot.autoconfigure.web.servlet.error.ErrorMvcAutoConfiguration$WhitelabelErrorViewConfiguration': no URL paths identified
2019-08-31 00:55:10.862 DEBUG 9932 --- [main] o.s.w.s.h.BeanNameUrlHandlerMapping      : Rejected bean name 'error': no URL paths identified
2019-08-31 00:55:10.862 DEBUG 9932 --- [main] o.s.w.s.h.BeanNameUrlHandlerMapping      : Rejected bean name 'beanNameViewResolver': no URL paths identified
2019-08-31 00:55:10.862 DEBUG 9932 --- [main] o.s.w.s.h.BeanNameUrlHandlerMapping      : Rejected bean name 'org.springframework.boot.autoconfigure.web.servlet.error.ErrorMvcAutoConfiguration$DefaultErrorViewResolverConfiguration': no URL paths identified
2019-08-31 00:55:10.862 DEBUG 9932 --- [main] o.s.w.s.h.BeanNameUrlHandlerMapping      : Rejected bean name 'conventionErrorViewResolver': no URL paths identified
2019-08-31 00:55:10.862 DEBUG 9932 --- [main] o.s.w.s.h.BeanNameUrlHandlerMapping      : Rejected bean name 'org.springframework.boot.autoconfigure.web.servlet.error.ErrorMvcAutoConfiguration': no URL paths identified
2019-08-31 00:55:10.863 DEBUG 9932 --- [main] o.s.w.s.h.BeanNameUrlHandlerMapping      : Rejected bean name 'errorAttributes': no URL paths identified
2019-08-31 00:55:10.863 DEBUG 9932 --- [main] o.s.w.s.h.BeanNameUrlHandlerMapping      : Rejected bean name 'basicErrorController': no URL paths identified
2019-08-31 00:55:10.863 DEBUG 9932 --- [main] o.s.w.s.h.BeanNameUrlHandlerMapping      : Rejected bean name 'errorPageCustomizer': no URL paths identified
2019-08-31 00:55:10.863 DEBUG 9932 --- [main] o.s.w.s.h.BeanNameUrlHandlerMapping      : Rejected bean name 'preserveErrorControllerTargetClassPostProcessor': no URL paths identified
2019-08-31 00:55:10.864 DEBUG 9932 --- [main] o.s.w.s.h.BeanNameUrlHandlerMapping      : Rejected bean name 'spring.resources-org.springframework.boot.autoconfigure.web.ResourceProperties': no URL paths identified
2019-08-31 00:55:10.864 DEBUG 9932 --- [main] o.s.w.s.h.BeanNameUrlHandlerMapping      : Rejected bean name 'org.springframework.boot.autoconfigure.web.servlet.WebMvcAutoConfiguration$WebMvcAutoConfigurationAdapter$FaviconConfiguration': no URL paths identified
2019-08-31 00:55:10.864 DEBUG 9932 --- [main] o.s.w.s.h.BeanNameUrlHandlerMapping      : Rejected bean name 'faviconHandlerMapping': no URL paths identified
2019-08-31 00:55:10.864 DEBUG 9932 --- [main] o.s.w.s.h.BeanNameUrlHandlerMapping      : Rejected bean name 'faviconRequestHandler': no URL paths identified
2019-08-31 00:55:10.864 DEBUG 9932 --- [main] o.s.w.s.h.BeanNameUrlHandlerMapping      : Rejected bean name 'org.springframework.boot.autoconfigure.web.servlet.WebMvcAutoConfiguration$EnableWebMvcConfiguration': no URL paths identified
2019-08-31 00:55:10.864 DEBUG 9932 --- [main] o.s.w.s.h.BeanNameUrlHandlerMapping      : Rejected bean name 'requestMappingHandlerAdapter': no URL paths identified
2019-08-31 00:55:10.865 DEBUG 9932 --- [main] o.s.w.s.h.BeanNameUrlHandlerMapping      : Rejected bean name 'requestMappingHandlerMapping': no URL paths identified
2019-08-31 00:55:10.865 DEBUG 9932 --- [main] o.s.w.s.h.BeanNameUrlHandlerMapping      : Rejected bean name 'mvcConversionService': no URL paths identified
2019-08-31 00:55:10.865 DEBUG 9932 --- [main] o.s.w.s.h.BeanNameUrlHandlerMapping      : Rejected bean name 'mvcValidator': no URL paths identified
2019-08-31 00:55:10.865 DEBUG 9932 --- [main] o.s.w.s.h.BeanNameUrlHandlerMapping      : Rejected bean name 'mvcContentNegotiationManager': no URL paths identified
2019-08-31 00:55:10.865 DEBUG 9932 --- [main] o.s.w.s.h.BeanNameUrlHandlerMapping      : Rejected bean name 'mvcPathMatcher': no URL paths identified
2019-08-31 00:55:10.866 DEBUG 9932 --- [main] o.s.w.s.h.BeanNameUrlHandlerMapping      : Rejected bean name 'mvcUrlPathHelper': no URL paths identified
2019-08-31 00:55:10.866 DEBUG 9932 --- [main] o.s.w.s.h.BeanNameUrlHandlerMapping      : Rejected bean name 'viewControllerHandlerMapping': no URL paths identified
2019-08-31 00:55:10.866 DEBUG 9932 --- [main] o.s.w.s.h.BeanNameUrlHandlerMapping      : Rejected bean name 'beanNameHandlerMapping': no URL paths identified
2019-08-31 00:55:10.866 DEBUG 9932 --- [main] o.s.w.s.h.BeanNameUrlHandlerMapping      : Rejected bean name 'resourceHandlerMapping': no URL paths identified
2019-08-31 00:55:10.866 DEBUG 9932 --- [main] o.s.w.s.h.BeanNameUrlHandlerMapping      : Rejected bean name 'mvcResourceUrlProvider': no URL paths identified
2019-08-31 00:55:10.866 DEBUG 9932 --- [main] o.s.w.s.h.BeanNameUrlHandlerMapping      : Rejected bean name 'defaultServletHandlerMapping': no URL paths identified
2019-08-31 00:55:10.867 DEBUG 9932 --- [main] o.s.w.s.h.BeanNameUrlHandlerMapping      : Rejected bean name 'mvcUriComponentsContributor': no URL paths identified
2019-08-31 00:55:10.867 DEBUG 9932 --- [main] o.s.w.s.h.BeanNameUrlHandlerMapping      : Rejected bean name 'httpRequestHandlerAdapter': no URL paths identified
2019-08-31 00:55:10.867 DEBUG 9932 --- [main] o.s.w.s.h.BeanNameUrlHandlerMapping      : Rejected bean name 'simpleControllerHandlerAdapter': no URL paths identified
2019-08-31 00:55:10.867 DEBUG 9932 --- [main] o.s.w.s.h.BeanNameUrlHandlerMapping      : Rejected bean name 'handlerExceptionResolver': no URL paths identified
2019-08-31 00:55:10.867 DEBUG 9932 --- [main] o.s.w.s.h.BeanNameUrlHandlerMapping      : Rejected bean name 'mvcViewResolver': no URL paths identified
2019-08-31 00:55:10.867 DEBUG 9932 --- [main] o.s.w.s.h.BeanNameUrlHandlerMapping      : Rejected bean name 'mvcHandlerMappingIntrospector': no URL paths identified
2019-08-31 00:55:10.868 DEBUG 9932 --- [main] o.s.w.s.h.BeanNameUrlHandlerMapping      : Rejected bean name 'org.springframework.boot.autoconfigure.web.servlet.WebMvcAutoConfiguration$WebMvcAutoConfigurationAdapter': no URL paths identified
2019-08-31 00:55:10.868 DEBUG 9932 --- [main] o.s.w.s.h.BeanNameUrlHandlerMapping      : Rejected bean name 'defaultViewResolver': no URL paths identified
2019-08-31 00:55:10.868 DEBUG 9932 --- [main] o.s.w.s.h.BeanNameUrlHandlerMapping      : Rejected bean name 'viewResolver': no URL paths identified
2019-08-31 00:55:10.868 DEBUG 9932 --- [main] o.s.w.s.h.BeanNameUrlHandlerMapping      : Rejected bean name 'welcomePageHandlerMapping': no URL paths identified
2019-08-31 00:55:10.868 DEBUG 9932 --- [main] o.s.w.s.h.BeanNameUrlHandlerMapping      : Rejected bean name 'requestContextFilter': no URL paths identified
2019-08-31 00:55:10.868 DEBUG 9932 --- [main] o.s.w.s.h.BeanNameUrlHandlerMapping      : Rejected bean name 'org.springframework.boot.autoconfigure.web.servlet.WebMvcAutoConfiguration': no URL paths identified
2019-08-31 00:55:10.868 DEBUG 9932 --- [main] o.s.w.s.h.BeanNameUrlHandlerMapping      : Rejected bean name 'hiddenHttpMethodFilter': no URL paths identified
2019-08-31 00:55:10.869 DEBUG 9932 --- [main] o.s.w.s.h.BeanNameUrlHandlerMapping      : Rejected bean name 'httpPutFormContentFilter': no URL paths identified
2019-08-31 00:55:10.869 DEBUG 9932 --- [main] o.s.w.s.h.BeanNameUrlHandlerMapping      : Rejected bean name 'org.springframework.boot.autoconfigure.jdbc.DataSourceConfiguration$Hikari': no URL paths identified
2019-08-31 00:55:10.869 DEBUG 9932 --- [main] o.s.w.s.h.BeanNameUrlHandlerMapping      : Rejected bean name 'dataSource': no URL paths identified
2019-08-31 00:55:10.869 DEBUG 9932 --- [main] o.s.w.s.h.BeanNameUrlHandlerMapping      : Rejected bean name 'org.springframework.boot.autoconfigure.jdbc.DataSourceJmxConfiguration$Hikari': no URL paths identified
2019-08-31 00:55:10.869 DEBUG 9932 --- [main] o.s.w.s.h.BeanNameUrlHandlerMapping      : Rejected bean name 'org.springframework.boot.autoconfigure.jdbc.DataSourceJmxConfiguration': no URL paths identified
2019-08-31 00:55:10.870 DEBUG 9932 --- [main] o.s.w.s.h.BeanNameUrlHandlerMapping      : Rejected bean name 'org.springframework.boot.autoconfigure.jdbc.DataSourceAutoConfiguration$PooledDataSourceConfiguration': no URL paths identified
2019-08-31 00:55:10.870 DEBUG 9932 --- [main] o.s.w.s.h.BeanNameUrlHandlerMapping      : Rejected bean name 'org.springframework.boot.autoconfigure.jdbc.metadata.DataSourcePoolMetadataProvidersConfiguration$HikariPoolDataSourceMetadataProviderConfiguration': no URL paths identified
2019-08-31 00:55:10.870 DEBUG 9932 --- [main] o.s.w.s.h.BeanNameUrlHandlerMapping      : Rejected bean name 'hikariPoolDataSourceMetadataProvider': no URL paths identified
2019-08-31 00:55:10.870 DEBUG 9932 --- [main] o.s.w.s.h.BeanNameUrlHandlerMapping      : Rejected bean name 'org.springframework.boot.autoconfigure.jdbc.metadata.DataSourcePoolMetadataProvidersConfiguration': no URL paths identified
2019-08-31 00:55:10.871 DEBUG 9932 --- [main] o.s.w.s.h.BeanNameUrlHandlerMapping      : Rejected bean name 'org.springframework.boot.autoconfigure.jdbc.DataSourceInitializerInvoker': no URL paths identified
2019-08-31 00:55:10.871 DEBUG 9932 --- [main] o.s.w.s.h.BeanNameUrlHandlerMapping      : Rejected bean name 'org.springframework.boot.autoconfigure.jdbc.DataSourceInitializationConfiguration': no URL paths identified
2019-08-31 00:55:10.871 DEBUG 9932 --- [main] o.s.w.s.h.BeanNameUrlHandlerMapping      : Rejected bean name 'dataSourceInitializerPostProcessor': no URL paths identified
2019-08-31 00:55:10.871 DEBUG 9932 --- [main] o.s.w.s.h.BeanNameUrlHandlerMapping      : Rejected bean name 'org.springframework.boot.autoconfigure.jdbc.DataSourceAutoConfiguration': no URL paths identified
2019-08-31 00:55:10.872 DEBUG 9932 --- [main] o.s.w.s.h.BeanNameUrlHandlerMapping      : Rejected bean name 'spring.datasource-org.springframework.boot.autoconfigure.jdbc.DataSourceProperties': no URL paths identified
2019-08-31 00:55:10.873 DEBUG 9932 --- [main] o.s.w.s.h.BeanNameUrlHandlerMapping      : Rejected bean name 'org.mybatis.spring.boot.autoconfigure.MybatisLanguageDriverAutoConfiguration': no URL paths identified
2019-08-31 00:55:10.874 DEBUG 9932 --- [main] o.s.w.s.h.BeanNameUrlHandlerMapping      : Rejected bean name 'org.mybatis.spring.boot.autoconfigure.MybatisAutoConfiguration$MapperScannerRegistrarNotFoundConfiguration': no URL paths identified
2019-08-31 00:55:10.875 DEBUG 9932 --- [main] o.s.w.s.h.BeanNameUrlHandlerMapping      : Rejected bean name 'org.mybatis.spring.mapper.MapperScannerConfigurer': no URL paths identified
2019-08-31 00:55:10.876 DEBUG 9932 --- [main] o.s.w.s.h.BeanNameUrlHandlerMapping      : Rejected bean name 'org.mybatis.spring.boot.autoconfigure.MybatisAutoConfiguration': no URL paths identified
2019-08-31 00:55:10.876 DEBUG 9932 --- [main] o.s.w.s.h.BeanNameUrlHandlerMapping      : Rejected bean name 'sqlSessionFactory': no URL paths identified
2019-08-31 00:55:10.877 DEBUG 9932 --- [main] o.s.w.s.h.BeanNameUrlHandlerMapping      : Rejected bean name 'sqlSessionTemplate': no URL paths identified
2019-08-31 00:55:10.877 DEBUG 9932 --- [main] o.s.w.s.h.BeanNameUrlHandlerMapping      : Rejected bean name 'mybatis-org.mybatis.spring.boot.autoconfigure.MybatisProperties': no URL paths identified
2019-08-31 00:55:10.878 DEBUG 9932 --- [main] o.s.w.s.h.BeanNameUrlHandlerMapping      : Rejected bean name 'org.springframework.boot.autoconfigure.jmx.JmxAutoConfiguration': no URL paths identified
2019-08-31 00:55:10.878 DEBUG 9932 --- [main] o.s.w.s.h.BeanNameUrlHandlerMapping      : Rejected bean name 'mbeanExporter': no URL paths identified
2019-08-31 00:55:10.879 DEBUG 9932 --- [main] o.s.w.s.h.BeanNameUrlHandlerMapping      : Rejected bean name 'objectNamingStrategy': no URL paths identified
2019-08-31 00:55:10.879 DEBUG 9932 --- [main] o.s.w.s.h.BeanNameUrlHandlerMapping      : Rejected bean name 'mbeanServer': no URL paths identified
2019-08-31 00:55:10.880 DEBUG 9932 --- [main] o.s.w.s.h.BeanNameUrlHandlerMapping      : Rejected bean name 'org.springframework.boot.autoconfigure.context.ConfigurationPropertiesAutoConfiguration': no URL paths identified
2019-08-31 00:55:10.880 DEBUG 9932 --- [main] o.s.w.s.h.BeanNameUrlHandlerMapping      : Rejected bean name 'org.springframework.boot.autoconfigure.dao.PersistenceExceptionTranslationAutoConfiguration': no URL paths identified
2019-08-31 00:55:10.881 DEBUG 9932 --- [main] o.s.w.s.h.BeanNameUrlHandlerMapping      : Rejected bean name 'persistenceExceptionTranslationPostProcessor': no URL paths identified
2019-08-31 00:55:10.881 DEBUG 9932 --- [main] o.s.w.s.h.BeanNameUrlHandlerMapping      : Rejected bean name 'org.springframework.boot.autoconfigure.flyway.FlywayAutoConfiguration$FlywayConfiguration': no URL paths identified
2019-08-31 00:55:10.882 DEBUG 9932 --- [main] o.s.w.s.h.BeanNameUrlHandlerMapping      : Rejected bean name 'flyway': no URL paths identified
2019-08-31 00:55:10.882 DEBUG 9932 --- [main] o.s.w.s.h.BeanNameUrlHandlerMapping      : Rejected bean name 'flywayInitializer': no URL paths identified
2019-08-31 00:55:10.882 DEBUG 9932 --- [main] o.s.w.s.h.BeanNameUrlHandlerMapping      : Rejected bean name 'spring.flyway-org.springframework.boot.autoconfigure.flyway.FlywayProperties': no URL paths identified
2019-08-31 00:55:10.883 DEBUG 9932 --- [main] o.s.w.s.h.BeanNameUrlHandlerMapping      : Rejected bean name 'org.springframework.boot.autoconfigure.flyway.FlywayAutoConfiguration': no URL paths identified
2019-08-31 00:55:10.883 DEBUG 9932 --- [main] o.s.w.s.h.BeanNameUrlHandlerMapping      : Rejected bean name 'stringOrNumberMigrationVersionConverter': no URL paths identified
2019-08-31 00:55:10.884 DEBUG 9932 --- [main] o.s.w.s.h.BeanNameUrlHandlerMapping      : Rejected bean name 'flywayDefaultDdlModeProvider': no URL paths identified
2019-08-31 00:55:10.884 DEBUG 9932 --- [main] o.s.w.s.h.BeanNameUrlHandlerMapping      : Rejected bean name 'org.springframework.boot.autoconfigure.h2.H2ConsoleAutoConfiguration': no URL paths identified
2019-08-31 00:55:10.885 DEBUG 9932 --- [main] o.s.w.s.h.BeanNameUrlHandlerMapping      : Rejected bean name 'h2Console': no URL paths identified
2019-08-31 00:55:10.885 DEBUG 9932 --- [main] o.s.w.s.h.BeanNameUrlHandlerMapping      : Rejected bean name 'spring.h2.console-org.springframework.boot.autoconfigure.h2.H2ConsoleProperties': no URL paths identified
2019-08-31 00:55:10.886 DEBUG 9932 --- [main] o.s.w.s.h.BeanNameUrlHandlerMapping      : Rejected bean name 'org.springframework.boot.autoconfigure.jackson.JacksonAutoConfiguration$Jackson2ObjectMapperBuilderCustomizerConfiguration': no URL paths identified
2019-08-31 00:55:10.886 DEBUG 9932 --- [main] o.s.w.s.h.BeanNameUrlHandlerMapping      : Rejected bean name 'standardJacksonObjectMapperBuilderCustomizer': no URL paths identified
2019-08-31 00:55:10.887 DEBUG 9932 --- [main] o.s.w.s.h.BeanNameUrlHandlerMapping      : Rejected bean name 'spring.jackson-org.springframework.boot.autoconfigure.jackson.JacksonProperties': no URL paths identified
2019-08-31 00:55:10.887 DEBUG 9932 --- [main] o.s.w.s.h.BeanNameUrlHandlerMapping      : Rejected bean name 'org.springframework.boot.autoconfigure.jackson.JacksonAutoConfiguration$JacksonObjectMapperBuilderConfiguration': no URL paths identified
2019-08-31 00:55:10.888 DEBUG 9932 --- [main] o.s.w.s.h.BeanNameUrlHandlerMapping      : Rejected bean name 'jacksonObjectMapperBuilder': no URL paths identified
2019-08-31 00:55:10.888 DEBUG 9932 --- [main] o.s.w.s.h.BeanNameUrlHandlerMapping      : Rejected bean name 'org.springframework.boot.autoconfigure.jackson.JacksonAutoConfiguration$ParameterNamesModuleConfiguration': no URL paths identified
2019-08-31 00:55:10.889 DEBUG 9932 --- [main] o.s.w.s.h.BeanNameUrlHandlerMapping      : Rejected bean name 'parameterNamesModule': no URL paths identified
2019-08-31 00:55:10.889 DEBUG 9932 --- [main] o.s.w.s.h.BeanNameUrlHandlerMapping      : Rejected bean name 'org.springframework.boot.autoconfigure.jackson.JacksonAutoConfiguration$JacksonObjectMapperConfiguration': no URL paths identified
2019-08-31 00:55:10.890 DEBUG 9932 --- [main] o.s.w.s.h.BeanNameUrlHandlerMapping      : Rejected bean name 'jacksonObjectMapper': no URL paths identified
2019-08-31 00:55:10.890 DEBUG 9932 --- [main] o.s.w.s.h.BeanNameUrlHandlerMapping      : Rejected bean name 'org.springframework.boot.autoconfigure.jackson.JacksonAutoConfiguration': no URL paths identified
2019-08-31 00:55:10.891 DEBUG 9932 --- [main] o.s.w.s.h.BeanNameUrlHandlerMapping      : Rejected bean name 'jsonComponentModule': no URL paths identified
2019-08-31 00:55:10.891 DEBUG 9932 --- [main] o.s.w.s.h.BeanNameUrlHandlerMapping      : Rejected bean name 'org.springframework.boot.autoconfigure.http.HttpMessageConvertersAutoConfiguration$StringHttpMessageConverterConfiguration': no URL paths identified
2019-08-31 00:55:10.892 DEBUG 9932 --- [main] o.s.w.s.h.BeanNameUrlHandlerMapping      : Rejected bean name 'stringHttpMessageConverter': no URL paths identified
2019-08-31 00:55:10.892 DEBUG 9932 --- [main] o.s.w.s.h.BeanNameUrlHandlerMapping      : Rejected bean name 'spring.http.encoding-org.springframework.boot.autoconfigure.http.HttpEncodingProperties': no URL paths identified
2019-08-31 00:55:10.893 DEBUG 9932 --- [main] o.s.w.s.h.BeanNameUrlHandlerMapping      : Rejected bean name 'org.springframework.boot.autoconfigure.http.JacksonHttpMessageConvertersConfiguration$MappingJackson2HttpMessageConverterConfiguration': no URL paths identified
2019-08-31 00:55:10.893 DEBUG 9932 --- [main] o.s.w.s.h.BeanNameUrlHandlerMapping      : Rejected bean name 'mappingJackson2HttpMessageConverter': no URL paths identified
2019-08-31 00:55:10.894 DEBUG 9932 --- [main] o.s.w.s.h.BeanNameUrlHandlerMapping      : Rejected bean name 'org.springframework.boot.autoconfigure.http.JacksonHttpMessageConvertersConfiguration': no URL paths identified
2019-08-31 00:55:10.894 DEBUG 9932 --- [main] o.s.w.s.h.BeanNameUrlHandlerMapping      : Rejected bean name 'org.springframework.boot.autoconfigure.http.HttpMessageConvertersAutoConfiguration': no URL paths identified
2019-08-31 00:55:10.894 DEBUG 9932 --- [main] o.s.w.s.h.BeanNameUrlHandlerMapping      : Rejected bean name 'messageConverters': no URL paths identified
2019-08-31 00:55:10.895 DEBUG 9932 --- [main] o.s.w.s.h.BeanNameUrlHandlerMapping      : Rejected bean name 'org.springframework.boot.autoconfigure.http.codec.CodecsAutoConfiguration$JacksonCodecConfiguration': no URL paths identified
2019-08-31 00:55:10.895 DEBUG 9932 --- [main] o.s.w.s.h.BeanNameUrlHandlerMapping      : Rejected bean name 'jacksonCodecCustomizer': no URL paths identified
2019-08-31 00:55:10.896 DEBUG 9932 --- [main] o.s.w.s.h.BeanNameUrlHandlerMapping      : Rejected bean name 'org.springframework.boot.autoconfigure.http.codec.CodecsAutoConfiguration': no URL paths identified
2019-08-31 00:55:10.896 DEBUG 9932 --- [main] o.s.w.s.h.BeanNameUrlHandlerMapping      : Rejected bean name 'org.springframework.boot.autoconfigure.info.ProjectInfoAutoConfiguration': no URL paths identified
2019-08-31 00:55:10.896 DEBUG 9932 --- [main] o.s.w.s.h.BeanNameUrlHandlerMapping      : Rejected bean name 'spring.info-org.springframework.boot.autoconfigure.info.ProjectInfoProperties': no URL paths identified
2019-08-31 00:55:10.897 DEBUG 9932 --- [main] o.s.w.s.h.BeanNameUrlHandlerMapping      : Rejected bean name 'org.springframework.boot.autoconfigure.jdbc.JdbcTemplateAutoConfiguration$JdbcTemplateConfiguration': no URL paths identified
2019-08-31 00:55:10.897 DEBUG 9932 --- [main] o.s.w.s.h.BeanNameUrlHandlerMapping      : Rejected bean name 'jdbcTemplate': no URL paths identified
2019-08-31 00:55:10.898 DEBUG 9932 --- [main] o.s.w.s.h.BeanNameUrlHandlerMapping      : Rejected bean name 'org.springframework.boot.autoconfigure.jdbc.JdbcTemplateAutoConfiguration$NamedParameterJdbcTemplateConfiguration': no URL paths identified
2019-08-31 00:55:10.898 DEBUG 9932 --- [main] o.s.w.s.h.BeanNameUrlHandlerMapping      : Rejected bean name 'namedParameterJdbcTemplate': no URL paths identified
2019-08-31 00:55:10.898 DEBUG 9932 --- [main] o.s.w.s.h.BeanNameUrlHandlerMapping      : Rejected bean name 'org.springframework.boot.autoconfigure.jdbc.JdbcTemplateAutoConfiguration': no URL paths identified
2019-08-31 00:55:10.899 DEBUG 9932 --- [main] o.s.w.s.h.BeanNameUrlHandlerMapping      : Rejected bean name 'spring.jdbc-org.springframework.boot.autoconfigure.jdbc.JdbcProperties': no URL paths identified
2019-08-31 00:55:10.899 DEBUG 9932 --- [main] o.s.w.s.h.BeanNameUrlHandlerMapping      : Rejected bean name 'org.springframework.boot.autoconfigure.security.reactive.ReactiveSecurityAutoConfiguration': no URL paths identified
2019-08-31 00:55:10.900 DEBUG 9932 --- [main] o.s.w.s.h.BeanNameUrlHandlerMapping      : Rejected bean name 'spring.security-org.springframework.boot.autoconfigure.security.SecurityProperties': no URL paths identified
2019-08-31 00:55:10.900 DEBUG 9932 --- [main] o.s.w.s.h.BeanNameUrlHandlerMapping      : Rejected bean name 'org.springframework.boot.autoconfigure.jdbc.DataSourceTransactionManagerAutoConfiguration$DataSourceTransactionManagerConfiguration': no URL paths identified
2019-08-31 00:55:10.900 DEBUG 9932 --- [main] o.s.w.s.h.BeanNameUrlHandlerMapping      : Rejected bean name 'transactionManager': no URL paths identified
2019-08-31 00:55:10.901 DEBUG 9932 --- [main] o.s.w.s.h.BeanNameUrlHandlerMapping      : Rejected bean name 'org.springframework.boot.autoconfigure.jdbc.DataSourceTransactionManagerAutoConfiguration': no URL paths identified
2019-08-31 00:55:10.901 DEBUG 9932 --- [main] o.s.w.s.h.BeanNameUrlHandlerMapping      : Rejected bean name 'org.springframework.transaction.annotation.ProxyTransactionManagementConfiguration': no URL paths identified
2019-08-31 00:55:10.902 DEBUG 9932 --- [main] o.s.w.s.h.BeanNameUrlHandlerMapping      : Rejected bean name 'org.springframework.transaction.config.internalTransactionAdvisor': no URL paths identified
2019-08-31 00:55:10.902 DEBUG 9932 --- [main] o.s.w.s.h.BeanNameUrlHandlerMapping      : Rejected bean name 'transactionAttributeSource': no URL paths identified
2019-08-31 00:55:10.903 DEBUG 9932 --- [main] o.s.w.s.h.BeanNameUrlHandlerMapping      : Rejected bean name 'transactionInterceptor': no URL paths identified
2019-08-31 00:55:10.903 DEBUG 9932 --- [main] o.s.w.s.h.BeanNameUrlHandlerMapping      : Rejected bean name 'org.springframework.transaction.config.internalTransactionalEventListenerFactory': no URL paths identified
2019-08-31 00:55:10.903 DEBUG 9932 --- [main] o.s.w.s.h.BeanNameUrlHandlerMapping      : Rejected bean name 'org.springframework.boot.autoconfigure.transaction.TransactionAutoConfiguration$EnableTransactionManagementConfiguration$CglibAutoProxyConfiguration': no URL paths identified
2019-08-31 00:55:10.904 DEBUG 9932 --- [main] o.s.w.s.h.BeanNameUrlHandlerMapping      : Rejected bean name 'org.springframework.aop.config.internalAutoProxyCreator': no URL paths identified
2019-08-31 00:55:10.904 DEBUG 9932 --- [main] o.s.w.s.h.BeanNameUrlHandlerMapping      : Rejected bean name 'org.springframework.boot.autoconfigure.transaction.TransactionAutoConfiguration$EnableTransactionManagementConfiguration': no URL paths identified
2019-08-31 00:55:10.905 DEBUG 9932 --- [main] o.s.w.s.h.BeanNameUrlHandlerMapping      : Rejected bean name 'org.springframework.boot.autoconfigure.transaction.TransactionAutoConfiguration$TransactionTemplateConfiguration': no URL paths identified
2019-08-31 00:55:10.905 DEBUG 9932 --- [main] o.s.w.s.h.BeanNameUrlHandlerMapping      : Rejected bean name 'transactionTemplate': no URL paths identified
2019-08-31 00:55:10.906 DEBUG 9932 --- [main] o.s.w.s.h.BeanNameUrlHandlerMapping      : Rejected bean name 'org.springframework.boot.autoconfigure.transaction.TransactionAutoConfiguration': no URL paths identified
2019-08-31 00:55:10.906 DEBUG 9932 --- [main] o.s.w.s.h.BeanNameUrlHandlerMapping      : Rejected bean name 'platformTransactionManagerCustomizers': no URL paths identified
2019-08-31 00:55:10.907 DEBUG 9932 --- [main] o.s.w.s.h.BeanNameUrlHandlerMapping      : Rejected bean name 'spring.transaction-org.springframework.boot.autoconfigure.transaction.TransactionProperties': no URL paths identified
2019-08-31 00:55:10.908 DEBUG 9932 --- [main] o.s.w.s.h.BeanNameUrlHandlerMapping      : Rejected bean name 'org.springframework.boot.autoconfigure.web.client.RestTemplateAutoConfiguration': no URL paths identified
2019-08-31 00:55:10.908 DEBUG 9932 --- [main] o.s.w.s.h.BeanNameUrlHandlerMapping      : Rejected bean name 'restTemplateBuilder': no URL paths identified
2019-08-31 00:55:10.909 DEBUG 9932 --- [main] o.s.w.s.h.BeanNameUrlHandlerMapping      : Rejected bean name 'org.springframework.boot.autoconfigure.web.embedded.EmbeddedWebServerFactoryCustomizerAutoConfiguration$TomcatWebServerFactoryCustomizerConfiguration': no URL paths identified
2019-08-31 00:55:10.915 DEBUG 9932 --- [main] o.s.w.s.h.BeanNameUrlHandlerMapping      : Rejected bean name 'tomcatWebServerFactoryCustomizer': no URL paths identified
2019-08-31 00:55:10.915 DEBUG 9932 --- [main] o.s.w.s.h.BeanNameUrlHandlerMapping      : Rejected bean name 'org.springframework.boot.autoconfigure.web.embedded.EmbeddedWebServerFactoryCustomizerAutoConfiguration': no URL paths identified
2019-08-31 00:55:10.915 DEBUG 9932 --- [main] o.s.w.s.h.BeanNameUrlHandlerMapping      : Rejected bean name 'org.springframework.boot.autoconfigure.web.servlet.HttpEncodingAutoConfiguration': no URL paths identified
2019-08-31 00:55:10.916 DEBUG 9932 --- [main] o.s.w.s.h.BeanNameUrlHandlerMapping      : Rejected bean name 'characterEncodingFilter': no URL paths identified
2019-08-31 00:55:10.916 DEBUG 9932 --- [main] o.s.w.s.h.BeanNameUrlHandlerMapping      : Rejected bean name 'localeCharsetMappingsCustomizer': no URL paths identified
2019-08-31 00:55:10.916 DEBUG 9932 --- [main] o.s.w.s.h.BeanNameUrlHandlerMapping      : Rejected bean name 'org.springframework.boot.autoconfigure.web.servlet.MultipartAutoConfiguration': no URL paths identified
2019-08-31 00:55:10.917 DEBUG 9932 --- [main] o.s.w.s.h.BeanNameUrlHandlerMapping      : Rejected bean name 'multipartConfigElement': no URL paths identified
2019-08-31 00:55:10.917 DEBUG 9932 --- [main] o.s.w.s.h.BeanNameUrlHandlerMapping      : Rejected bean name 'multipartResolver': no URL paths identified
2019-08-31 00:55:10.917 DEBUG 9932 --- [main] o.s.w.s.h.BeanNameUrlHandlerMapping      : Rejected bean name 'spring.servlet.multipart-org.springframework.boot.autoconfigure.web.servlet.MultipartProperties': no URL paths identified
2019-08-31 00:55:10.918 DEBUG 9932 --- [main] o.s.w.s.h.BeanNameUrlHandlerMapping      : Rejected bean name 'autoConfigurationReport': no URL paths identified
2019-08-31 00:55:10.918 DEBUG 9932 --- [main] o.s.w.s.h.BeanNameUrlHandlerMapping      : Rejected bean name 'org.springframework.boot.context.ContextIdApplicationContextInitializer$ContextId': no URL paths identified
2019-08-31 00:55:10.918 DEBUG 9932 --- [main] o.s.w.s.h.BeanNameUrlHandlerMapping      : Rejected bean name 'springApplicationArguments': no URL paths identified
2019-08-31 00:55:10.919 DEBUG 9932 --- [main] o.s.w.s.h.BeanNameUrlHandlerMapping      : Rejected bean name 'springBootBanner': no URL paths identified
2019-08-31 00:55:10.919 DEBUG 9932 --- [main] o.s.w.s.h.BeanNameUrlHandlerMapping      : Rejected bean name 'springBootLoggingSystem': no URL paths identified
2019-08-31 00:55:10.920 DEBUG 9932 --- [main] o.s.w.s.h.BeanNameUrlHandlerMapping      : Rejected bean name 'environment': no URL paths identified
2019-08-31 00:55:10.920 DEBUG 9932 --- [main] o.s.w.s.h.BeanNameUrlHandlerMapping      : Rejected bean name 'systemProperties': no URL paths identified
2019-08-31 00:55:10.920 DEBUG 9932 --- [main] o.s.w.s.h.BeanNameUrlHandlerMapping      : Rejected bean name 'systemEnvironment': no URL paths identified
2019-08-31 00:55:10.921 DEBUG 9932 --- [main] o.s.w.s.h.BeanNameUrlHandlerMapping      : Rejected bean name 'org.springframework.context.annotation.ConfigurationClassPostProcessor.importRegistry': no URL paths identified
2019-08-31 00:55:10.921 DEBUG 9932 --- [main] o.s.w.s.h.BeanNameUrlHandlerMapping      : Rejected bean name 'messageSource': no URL paths identified
2019-08-31 00:55:10.921 DEBUG 9932 --- [main] o.s.w.s.h.BeanNameUrlHandlerMapping      : Rejected bean name 'applicationEventMulticaster': no URL paths identified
2019-08-31 00:55:10.922 DEBUG 9932 --- [main] o.s.w.s.h.BeanNameUrlHandlerMapping      : Rejected bean name 'servletContext': no URL paths identified
2019-08-31 00:55:10.922 DEBUG 9932 --- [main] o.s.w.s.h.BeanNameUrlHandlerMapping      : Rejected bean name 'contextParameters': no URL paths identified
2019-08-31 00:55:10.923 DEBUG 9932 --- [main] o.s.w.s.h.BeanNameUrlHandlerMapping      : Rejected bean name 'contextAttributes': no URL paths identified
2019-08-31 00:55:10.934  INFO 9932 --- [main] o.s.w.s.handler.SimpleUrlHandlerMapping  : Mapped URL path [/webjars/**] onto handler of type [class org.springframework.web.servlet.resource.ResourceHttpRequestHandler]
2019-08-31 00:55:10.964  INFO 9932 --- [main] o.s.w.s.handler.SimpleUrlHandlerMapping  : Mapped URL path [/**] onto handler of type [class org.springframework.web.servlet.resource.ResourceHttpRequestHandler]
2019-08-31 00:55:10.983 DEBUG 9932 --- [main] .m.m.a.ExceptionHandlerExceptionResolver : Looking for exception mappings: org.springframework.boot.web.servlet.context.AnnotationConfigServletWebServerApplicationContext@158d2680: startup date [Sat Aug 31 00:54:59 CST 2019]; root of context hierarchy
2019-08-31 00:55:11.444  INFO 9932 --- [main] o.f.core.internal.util.VersionPrinter    : Flyway Community Edition 5.0.7 by Boxfuse
2019-08-31 00:55:11.454  INFO 9932 --- [main] com.zaxxer.hikari.HikariDataSource       : HikariPool-1 - Starting...
2019-08-31 00:55:11.837  INFO 9932 --- [main] com.zaxxer.hikari.HikariDataSource       : HikariPool-1 - Start completed.
2019-08-31 00:55:11.848  INFO 9932 --- [main] o.f.c.internal.database.DatabaseFactory  : Database: jdbc:h2:file:./h2-db/h2 (H2 1.4)
2019-08-31 00:55:12.008  INFO 9932 --- [main] o.f.core.internal.command.DbValidate     : Successfully validated 4 migrations (execution time 00:00.073s)
2019-08-31 00:55:12.064  INFO 9932 --- [main] o.f.core.internal.command.DbMigrate      : Current version of schema "PUBLIC": 3
2019-08-31 00:55:12.071  INFO 9932 --- [main] o.f.core.internal.command.DbMigrate      : Migrating schema "PUBLIC" to version 4 - change vocation to position
2019-08-31 00:55:12.109  INFO 9932 --- [main] o.f.core.internal.command.DbMigrate      : Successfully applied 1 migration to schema "PUBLIC" (execution time 00:00.074s)
2019-08-31 00:55:12.363  INFO 9932 --- [main] o.s.j.e.a.AnnotationMBeanExporter        : Registering beans for JMX exposure on startup
2019-08-31 00:55:12.364  INFO 9932 --- [main] o.s.j.e.a.AnnotationMBeanExporter        : Bean with name 'dataSource' has been autodetected for JMX exposure
2019-08-31 00:55:12.372  INFO 9932 --- [main] o.s.j.e.a.AnnotationMBeanExporter        : Located MBean 'dataSource': registering with JMX server as MBean [com.zaxxer.hikari:name=dataSource,type=HikariDataSource]
2019-08-31 00:55:12.391 DEBUG 9932 --- [main] o.s.w.s.resource.ResourceUrlProvider     : Looking for resource handler mappings
2019-08-31 00:55:12.392 DEBUG 9932 --- [main] o.s.w.s.resource.ResourceUrlProvider     : Found resource handler mapping: URL pattern="/**/favicon.ico", locations=[class path resource [META-INF/resources/], class path resource [resources/], class path resource [static/], class path resource [public/], ServletContext resource [/], class path resource []], resolvers=[org.springframework.web.servlet.resource.PathResourceResolver@96a75da]
2019-08-31 00:55:12.396 DEBUG 9932 --- [main] o.s.w.s.resource.ResourceUrlProvider     : Found resource handler mapping: URL pattern="/webjars/**", locations=[class path resource [META-INF/resources/webjars/]], resolvers=[org.springframework.web.servlet.resource.PathResourceResolver@61e7bf2f]
2019-08-31 00:55:12.396 DEBUG 9932 --- [main] o.s.w.s.resource.ResourceUrlProvider     : Found resource handler mapping: URL pattern="/**", locations=[class path resource [META-INF/resources/], class path resource [resources/], class path resource [static/], class path resource [public/], ServletContext resource [/]], resolvers=[org.springframework.web.servlet.resource.PathResourceResolver@1a28b346]
2019-08-31 00:55:12.444  INFO 9932 --- [main] o.s.b.w.embedded.tomcat.TomcatWebServer  : Tomcat started on port(s): 8080 (http) with context path ''
2019-08-31 00:55:12.447 DEBUG 9932 --- [main] o.s.w.c.s.StandardServletEnvironment     : Adding PropertySource 'server.ports' with highest search precedence
2019-08-31 00:55:12.455  INFO 9932 --- [main] tws.Application                          : Started Application in 13.936 seconds (JVM running for 15.404)
